==================================================================
 Initialized On 2013/7/13 20:51:36
==================================================================
[2013/7/13 20:51:36] 正在将 DataEditor.Control.Wrapper.WrapTextBox 污染为 Tainted [ 指向：-1 ]
[2013/7/13 20:51:39] 正在将 DataEditor.Control.Wrapper.WrapTextBox 污染为 Tainted [ 指向：-1 ]
[2013/7/13 20:51:40] 正在将 DataEditor.Control.Wrapper.WrapNumInput 污染为 Tainted [ 指向：-1 ]
[2013/7/13 20:51:40] 正在将 DataEditor.Control.Wrapper.WrapTextBox 污染为 Tainted [ 指向：-1 ]
[2013/7/13 20:51:41] 正在将 DataEditor.Control.Wrapper.WrapTextBox 污染为 Tainted [ 指向：-1 ]
[2013/7/13 20:51:42] 正在将 DataEditor.Control.Wrapper.WrapTextBox 污染为 Tainted [ 指向：-1 ]
[2013/7/13 20:51:42] 正在将 DataEditor.Control.Wrapper.WrapNumInput 污染为 Tainted [ 指向：-1 ]
[2013/7/13 20:51:43] 正在将 DataEditor.Control.Wrapper.WrapTextBox 污染为 Tainted [ 指向：-1 ]
[2013/7/13 20:51:46] 正在将 DataEditor.Control.Wrapper.WrapTextBox 污染为 Tainted [ 指向：-1 ]
[2013/7/13 20:51:48] 正在将 DataEditor.Control.Wrapper.WrapTextBox 污染为 Tainted [ 指向：-1 ]
[2013/7/13 20:51:49] 正在将 DataEditor.Control.Wrapper.WrapTextBox 污染为 Tainted [ 指向：-1 ]
[2013/7/13 20:51:49] 正在将 DataEditor.Control.Wrapper.WrapTextBox 污染为 Tainted [ 指向：-1 ]
[2013/7/13 20:51:51] 正在将 DataEditor.Control.Wrapper.WrapTextBox 污染为 Tainted [ 指向：-1 ]
[2013/7/13 20:51:52] 正在将 DataEditor.Control.Wrapper.WrapTextBox 污染为 Tainted [ 指向：-1 ]
[2013/7/13 20:51:54] 正在将 DataEditor.Control.Wrapper.WrapTextBox 污染为 Tainted [ 指向：-1 ]
[2013/7/13 20:51:55] 正在将 DataEditor.Control.Wrapper.WrapTextBox 污染为 Tainted [ 指向：-1 ]
[2013/7/13 20:51:56] 正在将 DataEditor.Control.Wrapper.WrapTextBox 污染为 Tainted [ 指向：-1 ]
[2013/7/13 20:51:57] 正在将 DataEditor.Control.Wrapper.WrapTextBox 污染为 Tainted [ 指向：-1 ]
[2013/7/13 20:51:58] 正在将 DataEditor.Control.Wrapper.WrapTextBox 污染为 Tainted [ 指向：-1 ]
[2013/7/13 20:51:58] 正在将 DataEditor.Control.Wrapper.WrapTextBox 污染为 Tainted [ 指向：-1 ]
[2013/7/13 20:51:59] 正在将 DataEditor.Control.Wrapper.WrapTextBox 污染为 Tainted [ 指向：-1 ]
[2013/7/13 20:51:59] 正在将 DataEditor.Control.Wrapper.WrapTextBox 污染为 Tainted [ 指向：-1 ]
[2013/7/13 20:52:01] 正在将 DataEditor.Control.Wrapper.WrapTextBox 污染为 Tainted [ 指向：-1 ]
[2013/7/13 20:52:04] 正在将 DataEditor.Control.Wrapper.WrapTextBox 污染为 Tainted [ 指向：-1 ]
[2013/7/13 20:52:04] 正在将 DataEditor.Control.Wrapper.WrapTextBox 污染为 Tainted [ 指向：-1 ]
==================================================================
 Initialized On 2013/7/13 20:54:06
==================================================================
[2013/7/13 20:54:06] 正在将 DataEditor.Control.Wrapper.WrapTextBox 污染为 Tainted [ 指向：-1 ]
[2013/7/13 20:54:06] 正在将 DataEditor.Control.Container.ListBoxContainer 污染为 ChildTainted [ 指向：-1 ]
[2013/7/13 20:54:09] 正在将 DataEditor.Control.Wrapper.WrapTextBox 污染为 Tainted [ 指向：-1 ]
[2013/7/13 20:54:09] 正在将 DataEditor.Control.Container.ListBoxContainer 污染为 ChildTainted [ 指向：-1 ]
[2013/7/13 20:54:13] 正在将 DataEditor.Control.Wrapper.WrapNumInput 污染为 Tainted [ 指向：-1 ]
[2013/7/13 20:54:13] 正在将 DataEditor.Control.Container.ListBoxContainer 污染为 ChildTainted [ 指向：-1 ]
==================================================================
 Initialized On 2013/7/20 16:45:01
==================================================================
[2013/7/20 16:45:01] 2:高效药水
==================================================================
 Initialized On 2013/7/20 16:46:12
==================================================================
[2013/7/20 16:46:12] 2:高效药水
==================================================================
 Initialized On 2013/7/20 16:47:46
==================================================================
[2013/7/20 16:47:46] 002:高效药水
==================================================================
 Initialized On 2013/7/22 13:15:49
==================================================================
[2013/7/22 13:15:49] 正在将 DataEditor.Control.Wrapper.WrapTextBox 污染为 Tainted [ 指向：-1 ]
[2013/7/22 13:15:49] 正在将 DataEditor.Control.Container.ListBoxContainer 污染为 ChildTainted [ 指向：-1 ]
[2013/7/22 13:16:08] 正在将 DataEditor.Control.Wrapper.WrapTextBox 污染为 Tainted [ 指向：-1 ]
[2013/7/22 13:16:08] 正在将 DataEditor.Control.Container.ListBoxContainer 污染为 ChildTainted [ 指向：-1 ]
==================================================================
 Initialized On 2013/7/28 15:26:30
==================================================================
[2013/7/28 15:26:30] 正在将 DataEditor.Control.Wrapper.WrapTextBox 污染为 Tainted [ 指向：-1 ]
[2013/7/28 15:26:30] 正在将 DataEditor.Control.Container.ListBoxContainer 污染为 ChildTainted [ 指向：-1 ]
[2013/7/28 15:26:36] 正在将 DataEditor.Control.Wrapper.WrapTextBox 污染为 Tainted [ 指向：-1 ]
[2013/7/28 15:26:36] 正在将 DataEditor.Control.Container.ListBoxContainer 污染为 ChildTainted [ 指向：-1 ]
[2013/7/28 15:26:42] 正在将 DataEditor.Control.Wrapper.WrapTextBox 污染为 Tainted [ 指向：-1 ]
[2013/7/28 15:26:42] 正在将 DataEditor.Control.Container.ListBoxContainer 污染为 ChildTainted [ 指向：-1 ]
==================================================================
 Initialized On 2013/7/28 15:28:13
==================================================================
[2013/7/28 15:28:13] 正在将 DataEditor.Control.Wrapper.WrapTextBox 污染为 Tainted [ 指向：-1 ]
==================================================================
 Initialized On 2013/7/28 15:28:39
==================================================================
[2013/7/28 15:28:39] 正在将 DataEditor.Control.Wrapper.WrapTextBox 污染为 Tainted [ 指向：-1 ]
[2013/7/28 15:28:39] 正在将 DataEditor.Control.Container.ListBoxContainer 污染为 ChildTainted [ 指向：-1 ]
==================================================================
 Initialized On 2013/7/28 15:30:15
==================================================================
[2013/7/28 15:30:15] 正在将 DataEditor.Control.Wrapper.WrapTextBox 污染为 Tainted [ 指向：-1 ]
[2013/7/28 15:30:15] 正在将 DataEditor.Control.Container.ListBoxContainer 污染为 ChildTainted [ 指向：-1 ]
==================================================================
 Initialized On 2013/8/6 22:23:23
==================================================================
[2013/8/6 22:23:23] 导入了类型：[list]DataEditor.Control.Container.ListBoxContainer
==================================================================
 Initialized On 2013/8/6 22:25:40
==================================================================
[2013/8/6 22:25:40] 正在导入库：DataEditor.Control.Wrapper, Version=1.0.0.0, Culture=neutral, PublicKeyToken=null
[2013/8/6 22:25:40] 正在导入库：DataEditor.Control.Container, Version=1.0.0.0, Culture=neutral, PublicKeyToken=null
[2013/8/6 22:25:40] 正在扫描类型：DataEditor.Control.Container.ContainerArgs
[2013/8/6 22:25:40] 正在扫描类型：DataEditor.Control.Container.ComplexContainerArgs
[2013/8/6 22:25:40] 正在扫描类型：DataEditor.Control.Container.ContainerHelper
[2013/8/6 22:25:40] 正在扫描类型：DataEditor.Control.Container.ContainerHelper+ValueChangedEventArgs
[2013/8/6 22:25:40] 正在扫描类型：DataEditor.Control.Container.ComplexContainerHelper
[2013/8/6 22:25:40] 正在扫描类型：DataEditor.Control.Container.ListBoxContainer
[2013/8/6 22:25:40] 导入了类型：[list]DataEditor.Control.Container.ListBoxContainer
[2013/8/6 22:25:40] 正在扫描类型：DataEditor.Control.Container.ListBoxArgs
[2013/8/6 22:25:40] 正在扫描类型：DataEditor.Control.Container.RadioComplexContainer
==================================================================
 Initialized On 2013/8/6 22:34:29
==================================================================
[2013/8/6 22:34:29] 正在导入库：DataEditor.Control.Wrapper, Version=1.0.0.0, Culture=neutral, PublicKeyToken=null
[2013/8/6 22:34:29] 正在导入库：DataEditor.Control.Container, Version=1.0.0.0, Culture=neutral, PublicKeyToken=null
[2013/8/6 22:34:29] 正在扫描类型：DataEditor.Control.Container.ContainerArgs
[2013/8/6 22:34:29] 正在扫描类型：DataEditor.Control.Container.ComplexContainerArgs
[2013/8/6 22:34:29] 正在扫描类型：DataEditor.Control.Container.ContainerHelper
[2013/8/6 22:34:29] 正在扫描类型：DataEditor.Control.Container.ContainerHelper+ValueChangedEventArgs
[2013/8/6 22:34:29] 正在扫描类型：DataEditor.Control.Container.ComplexContainerHelper
[2013/8/6 22:34:29] 正在扫描类型：DataEditor.Control.Container.ListBoxContainer
[2013/8/6 22:34:29] 导入了类型：[list]DataEditor.Control.Container.ListBoxContainer
[2013/8/6 22:34:29] 正在扫描类型：DataEditor.Control.Container.ListBoxArgs
[2013/8/6 22:34:29] 正在扫描类型：DataEditor.Control.Container.OldRadioComplexContainer
[2013/8/6 22:34:29] 导入了类型：[radio]DataEditor.Control.Container.OldRadioComplexContainer
[2013/8/6 22:34:29] 正在扫描类型：DataEditor.Control.Container.SimpleContainer
[2013/8/6 22:34:29] 导入了类型：[simple]DataEditor.Control.Container.SimpleContainer
[2013/8/6 22:34:29] 正在扫描类型：DataEditor.Control.Container.SimpleBoxArgs
[2013/8/6 22:34:29] 正在扫描类型：DataEditor.Control.Container.GroupBoxContainer
[2013/8/6 22:34:29] 导入了类型：[group]DataEditor.Control.Container.GroupBoxContainer
[2013/8/6 22:34:29] 正在扫描类型：DataEditor.Control.Container.GroupBoxArgs
[2013/8/6 22:34:29] 正在扫描类型：DataEditor.Control.Container.SimpleBoxContainerEx
[2013/8/6 22:34:29] 导入了类型：[box]DataEditor.Control.Container.SimpleBoxContainerEx
[2013/8/6 22:34:29] 正在扫描类型：DataEditor.Control.Container.TabPagesContainer
[2013/8/6 22:34:29] 导入了类型：[tabs]DataEditor.Control.Container.TabPagesContainer
[2013/8/6 22:34:29] 正在扫描类型：DataEditor.Control.Container.TabPagesArgs
[2013/8/6 22:34:29] 正在扫描类型：DataEditor.Control.Container.TabPageContainer
[2013/8/6 22:34:29] 导入了类型：[tab]DataEditor.Control.Container.TabPageContainer
[2013/8/6 22:34:29] 正在扫描类型：DataEditor.Control.Container.TabPageArgs
[2013/8/6 22:34:37] 正在导入库：DataEditor.Control.Wrapper, Version=1.0.0.0, Culture=neutral, PublicKeyToken=null
[2013/8/6 22:34:37] 正在扫描类型：DataEditor.Control.Wrapper.WrapChooseBox
[2013/8/6 22:34:37] 导入了类型：[choose]DataEditor.Control.Wrapper.WrapChooseBox
[2013/8/6 22:34:37] 正在扫描类型：DataEditor.Control.Wrapper.ChooseBoxArgs
[2013/8/6 22:34:37] 正在扫描类型：DataEditor.Control.Wrapper.WrapImageDisplayer
[2013/8/6 22:34:37] 正在扫描类型：DataEditor.Control.Wrapper.WrapNumInput
[2013/8/6 22:34:37] 导入了类型：[int]DataEditor.Control.Wrapper.WrapNumInput
[2013/8/6 22:34:37] 正在扫描类型：DataEditor.Control.Wrapper.NumInputArgs
[2013/8/6 22:34:37] 正在扫描类型：DataEditor.Control.Wrapper.WrapTextBox
[2013/8/6 22:34:37] 导入了类型：[text]DataEditor.Control.Wrapper.WrapTextBox
[2013/8/6 22:34:37] 正在扫描类型：DataEditor.Control.Wrapper.TextBoxArgs
==================================================================
 Initialized On 2013/8/6 22:35:46
==================================================================
[2013/8/6 22:35:46] 正在导入库：DataEditor.Control.Wrapper, Version=1.0.0.0, Culture=neutral, PublicKeyToken=null
[2013/8/6 22:35:46] 正在导入库：DataEditor.Control.Container, Version=1.0.0.0, Culture=neutral, PublicKeyToken=null
[2013/8/6 22:35:46] 导入了类型：[list]DataEditor.Control.Container.ListBoxContainer
[2013/8/6 22:35:46] 导入了类型：[radio]DataEditor.Control.Container.OldRadioComplexContainer
[2013/8/6 22:35:46] 导入了类型：[simple]DataEditor.Control.Container.SimpleContainer
[2013/8/6 22:35:46] 导入了类型：[group]DataEditor.Control.Container.GroupBoxContainer
[2013/8/6 22:35:46] 导入了类型：[box]DataEditor.Control.Container.SimpleBoxContainerEx
[2013/8/6 22:35:46] 导入了类型：[tabs]DataEditor.Control.Container.TabPagesContainer
[2013/8/6 22:35:46] 导入了类型：[tab]DataEditor.Control.Container.TabPageContainer
[2013/8/6 22:35:46] 正在导入库：DataEditor.Control.Wrapper, Version=1.0.0.0, Culture=neutral, PublicKeyToken=null
[2013/8/6 22:35:46] 导入了类型：[choose]DataEditor.Control.Wrapper.WrapChooseBox
[2013/8/6 22:35:46] 导入了类型：[int]DataEditor.Control.Wrapper.WrapNumInput
[2013/8/6 22:35:46] 导入了类型：[text]DataEditor.Control.Wrapper.WrapTextBox
==================================================================
 Initialized On 2013/8/6 22:38:11
==================================================================
[2013/8/6 22:38:11] 正在导入库：DataEditor.Control.Wrapper, Version=1.0.0.0, Culture=neutral, PublicKeyToken=null
[2013/8/6 22:38:11] 正在导入库：DataEditor.Control.Container, Version=1.0.0.0, Culture=neutral, PublicKeyToken=null
[2013/8/6 22:38:11] 导入了类型：[list]DataEditor.Control.Container.ListBoxContainer
[2013/8/6 22:38:11] 导入了类型：[radio]DataEditor.Control.Container.RadioComplexContainer
[2013/8/6 22:38:11] 导入了类型：[simple]DataEditor.Control.Container.SimpleContainer
[2013/8/6 22:38:11] 导入了类型：[group]DataEditor.Control.Container.GroupBoxContainer
[2013/8/6 22:38:11] 导入了类型：[box]DataEditor.Control.Container.SimpleBoxContainerEx
[2013/8/6 22:38:11] 导入了类型：[tabs]DataEditor.Control.Container.TabPagesContainer
[2013/8/6 22:38:11] 导入了类型：[tab]DataEditor.Control.Container.TabPageContainer
[2013/8/6 22:38:11] 正在导入库：DataEditor.Control.Wrapper, Version=1.0.0.0, Culture=neutral, PublicKeyToken=null
[2013/8/6 22:38:11] 导入了类型：[choose]DataEditor.Control.Wrapper.WrapChooseBox
[2013/8/6 22:38:11] 导入了类型：[int]DataEditor.Control.Wrapper.WrapNumInput
[2013/8/6 22:38:11] 导入了类型：[text]DataEditor.Control.Wrapper.WrapTextBox
==================================================================
 Initialized On 2013/8/7 9:58:00
==================================================================
[2013/8/7 9:58:00] 正在导入库：DataEditor.Control.Wrapper, Version=1.0.0.0, Culture=neutral, PublicKeyToken=null
[2013/8/7 9:58:00] 正在导入库：DataEditor.Control.Container, Version=1.0.0.0, Culture=neutral, PublicKeyToken=null
[2013/8/7 9:58:00] 导入了类型：[list]DataEditor.Control.Container.ListBoxContainer
[2013/8/7 9:58:00] 导入了类型：[radio]DataEditor.Control.Container.RadioComplexContainer
[2013/8/7 9:58:00] 导入了类型：[simple]DataEditor.Control.Container.SimpleContainer
[2013/8/7 9:58:00] 导入了类型：[group]DataEditor.Control.Container.GroupBoxContainer
[2013/8/7 9:58:00] 导入了类型：[box]DataEditor.Control.Container.SimpleBoxContainerEx
[2013/8/7 9:58:00] 导入了类型：[tabs]DataEditor.Control.Container.TabPagesContainer
[2013/8/7 9:58:00] 导入了类型：[tab]DataEditor.Control.Container.TabPageContainer
[2013/8/7 9:58:00] 正在导入库：DataEditor.Control.Wrapper, Version=1.0.0.0, Culture=neutral, PublicKeyToken=null
[2013/8/7 9:58:01] 导入了类型：[choose]DataEditor.Control.Wrapper.WrapChooseBox
[2013/8/7 9:58:01] 导入了类型：[int]DataEditor.Control.Wrapper.WrapNumInput
[2013/8/7 9:58:01] 导入了类型：[text]DataEditor.Control.Wrapper.WrapTextBox
==================================================================
 Initialized On 2013/8/7 19:52:58
==================================================================
[2013/8/7 19:52:58] 正在导入库：DataEditor.Control.Wrapper, Version=1.0.0.0, Culture=neutral, PublicKeyToken=null
[2013/8/7 19:52:58] 正在导入库：DataEditor.Control.Container, Version=1.0.0.0, Culture=neutral, PublicKeyToken=null
[2013/8/7 19:52:58] 导入了类型：[list]DataEditor.Control.Container.ListBoxContainer
[2013/8/7 19:52:58] 导入了类型：[radio]DataEditor.Control.Container.RadioComplexContainer
[2013/8/7 19:52:58] 导入了类型：[simple]DataEditor.Control.Container.SimpleContainer
[2013/8/7 19:52:58] 导入了类型：[group]DataEditor.Control.Container.GroupBoxContainer
[2013/8/7 19:52:58] 导入了类型：[box]DataEditor.Control.Container.SimpleBoxContainerEx
[2013/8/7 19:52:58] 导入了类型：[tabs]DataEditor.Control.Container.TabPagesContainer
[2013/8/7 19:52:58] 导入了类型：[tab]DataEditor.Control.Container.TabPageContainer
[2013/8/7 19:52:58] 正在导入库：DataEditor.Control.Wrapper, Version=1.0.0.0, Culture=neutral, PublicKeyToken=null
[2013/8/7 19:52:58] 导入了类型：[choose]DataEditor.Control.Wrapper.WrapChooseBox
[2013/8/7 19:52:59] 导入了类型：[int]DataEditor.Control.Wrapper.WrapNumInput
[2013/8/7 19:52:59] 导入了类型：[text]DataEditor.Control.Wrapper.WrapTextBox
==================================================================
 Initialized On 2013/8/7 19:53:47
==================================================================
[2013/8/7 19:53:47] 正在导入库：DataEditor.Control.Wrapper, Version=1.0.0.0, Culture=neutral, PublicKeyToken=null
[2013/8/7 19:53:47] 正在导入库：DataEditor.Control.Container, Version=1.0.0.0, Culture=neutral, PublicKeyToken=null
[2013/8/7 19:53:47] 导入了类型：[list]DataEditor.Control.Container.ListBoxContainer
[2013/8/7 19:53:47] 导入了类型：[radio]DataEditor.Control.Container.RadioComplexContainer
[2013/8/7 19:53:47] 导入了类型：[simple]DataEditor.Control.Container.SimpleContainer
[2013/8/7 19:53:47] 导入了类型：[group]DataEditor.Control.Container.GroupBoxContainer
[2013/8/7 19:53:47] 导入了类型：[box]DataEditor.Control.Container.SimpleBoxContainerEx
[2013/8/7 19:53:47] 导入了类型：[tabs]DataEditor.Control.Container.TabPagesContainer
[2013/8/7 19:53:47] 导入了类型：[tab]DataEditor.Control.Container.TabPageContainer
[2013/8/7 19:53:47] 正在导入库：DataEditor.Control.Wrapper, Version=1.0.0.0, Culture=neutral, PublicKeyToken=null
[2013/8/7 19:53:47] 导入了类型：[choose]DataEditor.Control.Wrapper.WrapChooseBox
[2013/8/7 19:53:47] 导入了类型：[int]DataEditor.Control.Wrapper.WrapNumInput
[2013/8/7 19:53:47] 导入了类型：[text]DataEditor.Control.Wrapper.WrapTextBox
==================================================================
 Initialized On 2013/8/7 19:55:19
==================================================================
[2013/8/7 19:55:19] 正在导入库：DataEditor.Control.Wrapper, Version=1.0.0.0, Culture=neutral, PublicKeyToken=null
[2013/8/7 19:55:19] 正在导入库：DataEditor.Control.Container, Version=1.0.0.0, Culture=neutral, PublicKeyToken=null
[2013/8/7 19:55:19] 导入了类型：[list]DataEditor.Control.Container.ListBoxContainer
[2013/8/7 19:55:19] 导入了类型：[radio]DataEditor.Control.Container.RadioComplexContainer
[2013/8/7 19:55:19] 导入了类型：[simple]DataEditor.Control.Container.SimpleContainer
[2013/8/7 19:55:19] 导入了类型：[group]DataEditor.Control.Container.GroupBoxContainer
[2013/8/7 19:55:19] 导入了类型：[box]DataEditor.Control.Container.SimpleBoxContainerEx
[2013/8/7 19:55:19] 导入了类型：[tabs]DataEditor.Control.Container.TabPagesContainer
[2013/8/7 19:55:19] 导入了类型：[tab]DataEditor.Control.Container.TabPageContainer
[2013/8/7 19:55:19] 正在导入库：DataEditor.Control.Wrapper, Version=1.0.0.0, Culture=neutral, PublicKeyToken=null
[2013/8/7 19:55:19] 导入了类型：[choose]DataEditor.Control.Wrapper.WrapChooseBox
[2013/8/7 19:55:19] 导入了类型：[int]DataEditor.Control.Wrapper.WrapNumInput
[2013/8/7 19:55:19] 导入了类型：[text]DataEditor.Control.Wrapper.WrapTextBox
==================================================================
 Initialized On 2013/8/7 20:22:58
==================================================================
[2013/8/7 20:22:58] 正在导入库：DataEditor.Control.Wrapper, Version=1.0.0.0, Culture=neutral, PublicKeyToken=null
[2013/8/7 20:22:58] 正在导入库：DataEditor.Control.Container, Version=1.0.0.0, Culture=neutral, PublicKeyToken=null
[2013/8/7 20:22:58] 导入了类型：[list]DataEditor.Control.Container.ListBoxContainer
[2013/8/7 20:22:58] 导入了类型：[radio]DataEditor.Control.Container.RadioComplexContainer
[2013/8/7 20:22:58] 导入了类型：[simple]DataEditor.Control.Container.SimpleContainer
[2013/8/7 20:22:58] 导入了类型：[group]DataEditor.Control.Container.GroupBoxContainer
[2013/8/7 20:22:58] 导入了类型：[box]DataEditor.Control.Container.SimpleBoxContainerEx
[2013/8/7 20:22:58] 导入了类型：[tabs]DataEditor.Control.Container.TabPagesContainer
[2013/8/7 20:22:58] 导入了类型：[tab]DataEditor.Control.Container.TabPageContainer
[2013/8/7 20:22:58] 正在导入库：DataEditor.Control.Wrapper, Version=1.0.0.0, Culture=neutral, PublicKeyToken=null
[2013/8/7 20:22:58] 导入了类型：[choose]DataEditor.Control.Wrapper.WrapChooseBox
[2013/8/7 20:22:58] 导入了类型：[int]DataEditor.Control.Wrapper.WrapNumInput
[2013/8/7 20:22:58] 导入了类型：[text]DataEditor.Control.Wrapper.WrapTextBox
==================================================================
 Initialized On 2013/8/7 20:25:16
==================================================================
[2013/8/7 20:25:16] 正在导入库：DataEditor.Control.Wrapper, Version=1.0.0.0, Culture=neutral, PublicKeyToken=null
[2013/8/7 20:25:16] 正在导入库：DataEditor.Control.Container, Version=1.0.0.0, Culture=neutral, PublicKeyToken=null
[2013/8/7 20:25:17] 导入了类型：[list]DataEditor.Control.Container.ListBoxContainer
[2013/8/7 20:25:17] 导入了类型：[radio]DataEditor.Control.Container.RadioComplexContainer
[2013/8/7 20:25:17] 导入了类型：[simple]DataEditor.Control.Container.SimpleContainer
[2013/8/7 20:25:17] 导入了类型：[group]DataEditor.Control.Container.GroupBoxContainer
[2013/8/7 20:25:17] 导入了类型：[box]DataEditor.Control.Container.SimpleBoxContainerEx
[2013/8/7 20:25:17] 导入了类型：[tabs]DataEditor.Control.Container.TabPagesContainer
[2013/8/7 20:25:17] 导入了类型：[tab]DataEditor.Control.Container.TabPageContainer
[2013/8/7 20:25:17] 正在导入库：DataEditor.Control.Wrapper, Version=1.0.0.0, Culture=neutral, PublicKeyToken=null
[2013/8/7 20:25:17] 导入了类型：[choose]DataEditor.Control.Wrapper.WrapChooseBox
[2013/8/7 20:25:17] 导入了类型：[int]DataEditor.Control.Wrapper.WrapNumInput
[2013/8/7 20:25:17] 导入了类型：[text]DataEditor.Control.Wrapper.WrapTextBox
==================================================================
 Initialized On 2013/8/7 20:29:04
==================================================================
[2013/8/7 20:29:04] 正在导入库：DataEditor.Control.Wrapper, Version=1.0.0.0, Culture=neutral, PublicKeyToken=null
[2013/8/7 20:29:04] 正在导入库：DataEditor.Control.Container, Version=1.0.0.0, Culture=neutral, PublicKeyToken=null
[2013/8/7 20:29:04] 导入了类型：[list]DataEditor.Control.Container.ListBoxContainer
[2013/8/7 20:29:04] 导入了类型：[radio]DataEditor.Control.Container.RadioComplexContainer
[2013/8/7 20:29:04] 导入了类型：[simple]DataEditor.Control.Container.SimpleContainer
[2013/8/7 20:29:04] 导入了类型：[group]DataEditor.Control.Container.GroupBoxContainer
[2013/8/7 20:29:04] 导入了类型：[box]DataEditor.Control.Container.SimpleBoxContainerEx
[2013/8/7 20:29:04] 导入了类型：[tabs]DataEditor.Control.Container.TabPagesContainer
[2013/8/7 20:29:04] 导入了类型：[tab]DataEditor.Control.Container.TabPageContainer
[2013/8/7 20:29:04] 正在导入库：DataEditor.Control.Wrapper, Version=1.0.0.0, Culture=neutral, PublicKeyToken=null
[2013/8/7 20:29:04] 导入了类型：[choose]DataEditor.Control.Wrapper.WrapChooseBox
[2013/8/7 20:29:04] 导入了类型：[int]DataEditor.Control.Wrapper.WrapNumInput
[2013/8/7 20:29:04] 导入了类型：[text]DataEditor.Control.Wrapper.WrapTextBox
==================================================================
 Initialized On 2013/8/7 20:31:50
==================================================================
[2013/8/7 20:31:50] 正在导入库：DataEditor.Control.Wrapper, Version=1.0.0.0, Culture=neutral, PublicKeyToken=null
[2013/8/7 20:31:50] 正在导入库：DataEditor.Control.Container, Version=1.0.0.0, Culture=neutral, PublicKeyToken=null
[2013/8/7 20:31:50] 导入了类型：[list]DataEditor.Control.Container.ListBoxContainer
[2013/8/7 20:31:50] 导入了类型：[radio]DataEditor.Control.Container.RadioComplexContainer
[2013/8/7 20:31:50] 导入了类型：[simple]DataEditor.Control.Container.SimpleContainer
[2013/8/7 20:31:50] 导入了类型：[group]DataEditor.Control.Container.GroupBoxContainer
[2013/8/7 20:31:50] 导入了类型：[box]DataEditor.Control.Container.SimpleBoxContainerEx
[2013/8/7 20:31:50] 导入了类型：[tabs]DataEditor.Control.Container.TabPagesContainer
[2013/8/7 20:31:50] 导入了类型：[tab]DataEditor.Control.Container.TabPageContainer
[2013/8/7 20:31:50] 正在导入库：DataEditor.Control.Wrapper, Version=1.0.0.0, Culture=neutral, PublicKeyToken=null
[2013/8/7 20:31:50] 导入了类型：[choose]DataEditor.Control.Wrapper.WrapChooseBox
[2013/8/7 20:31:50] 导入了类型：[int]DataEditor.Control.Wrapper.WrapNumInput
[2013/8/7 20:31:50] 导入了类型：[text]DataEditor.Control.Wrapper.WrapTextBox
==================================================================
 Initialized On 2013/8/7 20:34:50
==================================================================
[2013/8/7 20:34:50] 正在导入库：DataEditor.Control.Wrapper, Version=1.0.0.0, Culture=neutral, PublicKeyToken=null
[2013/8/7 20:34:50] 正在导入库：DataEditor.Control.Container, Version=1.0.0.0, Culture=neutral, PublicKeyToken=null
[2013/8/7 20:34:50] 导入了类型：[list]DataEditor.Control.Container.ListBoxContainer
[2013/8/7 20:34:50] 导入了类型：[radio]DataEditor.Control.Container.RadioComplexContainer
[2013/8/7 20:34:50] 导入了类型：[simple]DataEditor.Control.Container.SimpleContainer
[2013/8/7 20:34:50] 导入了类型：[group]DataEditor.Control.Container.GroupBoxContainer
[2013/8/7 20:34:50] 导入了类型：[box]DataEditor.Control.Container.SimpleBoxContainerEx
[2013/8/7 20:34:50] 导入了类型：[tabs]DataEditor.Control.Container.TabPagesContainer
[2013/8/7 20:34:50] 导入了类型：[tab]DataEditor.Control.Container.TabPageContainer
[2013/8/7 20:34:50] 正在导入库：DataEditor.Control.Wrapper, Version=1.0.0.0, Culture=neutral, PublicKeyToken=null
[2013/8/7 20:34:50] 导入了类型：[choose]DataEditor.Control.Wrapper.WrapChooseBox
[2013/8/7 20:34:50] 导入了类型：[int]DataEditor.Control.Wrapper.WrapNumInput
[2013/8/7 20:34:50] 导入了类型：[text]DataEditor.Control.Wrapper.WrapTextBox
==================================================================
 Initialized On 2013/8/7 20:35:11
==================================================================
[2013/8/7 20:35:11] 正在导入库：DataEditor.Control.Wrapper, Version=1.0.0.0, Culture=neutral, PublicKeyToken=null
[2013/8/7 20:35:11] 正在导入库：DataEditor.Control.Container, Version=1.0.0.0, Culture=neutral, PublicKeyToken=null
[2013/8/7 20:35:11] 导入了类型：[list]DataEditor.Control.Container.ListBoxContainer
[2013/8/7 20:35:11] 导入了类型：[radio]DataEditor.Control.Container.RadioComplexContainer
[2013/8/7 20:35:11] 导入了类型：[simple]DataEditor.Control.Container.SimpleContainer
[2013/8/7 20:35:11] 导入了类型：[group]DataEditor.Control.Container.GroupBoxContainer
[2013/8/7 20:35:11] 导入了类型：[box]DataEditor.Control.Container.SimpleBoxContainerEx
[2013/8/7 20:35:11] 导入了类型：[tabs]DataEditor.Control.Container.TabPagesContainer
[2013/8/7 20:35:11] 导入了类型：[tab]DataEditor.Control.Container.TabPageContainer
[2013/8/7 20:35:11] 正在导入库：DataEditor.Control.Wrapper, Version=1.0.0.0, Culture=neutral, PublicKeyToken=null
[2013/8/7 20:35:11] 导入了类型：[choose]DataEditor.Control.Wrapper.WrapChooseBox
[2013/8/7 20:35:11] 导入了类型：[int]DataEditor.Control.Wrapper.WrapNumInput
[2013/8/7 20:35:11] 导入了类型：[text]DataEditor.Control.Wrapper.WrapTextBox
==================================================================
 Initialized On 2013/8/7 20:36:12
==================================================================
[2013/8/7 20:36:12] 正在导入库：DataEditor.Control.Wrapper, Version=1.0.0.0, Culture=neutral, PublicKeyToken=null
[2013/8/7 20:36:12] 正在导入库：DataEditor.Control.Container, Version=1.0.0.0, Culture=neutral, PublicKeyToken=null
[2013/8/7 20:36:12] 导入了类型：[list]DataEditor.Control.Container.ListBoxContainer
[2013/8/7 20:36:12] 导入了类型：[radio]DataEditor.Control.Container.RadioComplexContainer
[2013/8/7 20:36:12] 导入了类型：[simple]DataEditor.Control.Container.SimpleContainer
[2013/8/7 20:36:12] 导入了类型：[group]DataEditor.Control.Container.GroupBoxContainer
[2013/8/7 20:36:12] 导入了类型：[box]DataEditor.Control.Container.SimpleBoxContainerEx
[2013/8/7 20:36:12] 导入了类型：[tabs]DataEditor.Control.Container.TabPagesContainer
[2013/8/7 20:36:12] 导入了类型：[tab]DataEditor.Control.Container.TabPageContainer
[2013/8/7 20:36:12] 正在导入库：DataEditor.Control.Wrapper, Version=1.0.0.0, Culture=neutral, PublicKeyToken=null
[2013/8/7 20:36:12] 导入了类型：[choose]DataEditor.Control.Wrapper.WrapChooseBox
[2013/8/7 20:36:12] 导入了类型：[int]DataEditor.Control.Wrapper.WrapNumInput
[2013/8/7 20:36:12] 导入了类型：[text]DataEditor.Control.Wrapper.WrapTextBox
==================================================================
 Initialized On 2013/8/7 20:36:50
==================================================================
[2013/8/7 20:36:50] 正在导入库：DataEditor.Control.Wrapper, Version=1.0.0.0, Culture=neutral, PublicKeyToken=null
[2013/8/7 20:36:50] 正在导入库：DataEditor.Control.Container, Version=1.0.0.0, Culture=neutral, PublicKeyToken=null
[2013/8/7 20:36:50] 导入了类型：[list]DataEditor.Control.Container.ListBoxContainer
[2013/8/7 20:36:50] 导入了类型：[radio]DataEditor.Control.Container.RadioComplexContainer
[2013/8/7 20:36:50] 导入了类型：[simple]DataEditor.Control.Container.SimpleContainer
[2013/8/7 20:36:50] 导入了类型：[group]DataEditor.Control.Container.GroupBoxContainer
[2013/8/7 20:36:50] 导入了类型：[box]DataEditor.Control.Container.SimpleBoxContainerEx
[2013/8/7 20:36:50] 导入了类型：[tabs]DataEditor.Control.Container.TabPagesContainer
[2013/8/7 20:36:50] 导入了类型：[tab]DataEditor.Control.Container.TabPageContainer
[2013/8/7 20:36:50] 正在导入库：DataEditor.Control.Wrapper, Version=1.0.0.0, Culture=neutral, PublicKeyToken=null
[2013/8/7 20:36:50] 导入了类型：[choose]DataEditor.Control.Wrapper.WrapChooseBox
[2013/8/7 20:36:50] 导入了类型：[int]DataEditor.Control.Wrapper.WrapNumInput
[2013/8/7 20:36:50] 导入了类型：[text]DataEditor.Control.Wrapper.WrapTextBox
==================================================================
 Initialized On 2013/8/7 20:59:39
==================================================================
[2013/8/7 20:59:39] 正在导入库：DataEditor.Control.Wrapper, Version=1.0.0.0, Culture=neutral, PublicKeyToken=null
[2013/8/7 20:59:39] 正在导入库：DataEditor.Control.Container, Version=1.0.0.0, Culture=neutral, PublicKeyToken=null
[2013/8/7 20:59:39] 导入了类型：[list]DataEditor.Control.Container.ListBoxContainer
[2013/8/7 20:59:39] 导入了类型：[radio]DataEditor.Control.Container.RadioComplexContainer
[2013/8/7 20:59:39] 导入了类型：[simple]DataEditor.Control.Container.SimpleContainer
[2013/8/7 20:59:39] 导入了类型：[group]DataEditor.Control.Container.GroupBoxContainer
[2013/8/7 20:59:39] 导入了类型：[box]DataEditor.Control.Container.SimpleBoxContainerEx
[2013/8/7 20:59:39] 导入了类型：[tabs]DataEditor.Control.Container.TabPagesContainer
[2013/8/7 20:59:39] 导入了类型：[tab]DataEditor.Control.Container.TabPageContainer
[2013/8/7 20:59:39] 正在导入库：DataEditor.Control.Wrapper, Version=1.0.0.0, Culture=neutral, PublicKeyToken=null
[2013/8/7 20:59:39] 导入了类型：[choose]DataEditor.Control.Wrapper.WrapChooseBox
[2013/8/7 20:59:39] 导入了类型：[int]DataEditor.Control.Wrapper.WrapNumInput
[2013/8/7 20:59:39] 导入了类型：[text]DataEditor.Control.Wrapper.WrapTextBox
==================================================================
 Initialized On 2013/8/7 22:40:53
==================================================================
[2013/8/7 22:40:53] 正在导入库：DataEditor.Control.Wrapper, Version=1.0.0.0, Culture=neutral, PublicKeyToken=null
[2013/8/7 22:40:53] 正在导入库：DataEditor.Control.Container, Version=1.0.0.0, Culture=neutral, PublicKeyToken=null
[2013/8/7 22:40:53] 导入了类型：[list]DataEditor.Control.Container.ListBoxContainer
[2013/8/7 22:40:53] 导入了类型：[radio]DataEditor.Control.Container.RadioComplexContainer
[2013/8/7 22:40:53] 导入了类型：[radios]DataEditor.Control.Container.FakeRadiosDataInterface
[2013/8/7 22:40:53] 导入了类型：[simple]DataEditor.Control.Container.SimpleContainer
[2013/8/7 22:40:53] 导入了类型：[group]DataEditor.Control.Container.GroupBoxContainer
[2013/8/7 22:40:53] 导入了类型：[box]DataEditor.Control.Container.SimpleBoxContainerEx
[2013/8/7 22:40:53] 导入了类型：[tabs]DataEditor.Control.Container.TabPagesContainer
[2013/8/7 22:40:53] 导入了类型：[tab]DataEditor.Control.Container.TabPageContainer
[2013/8/7 22:40:53] 正在导入库：DataEditor.Control.Wrapper, Version=1.0.0.0, Culture=neutral, PublicKeyToken=null
[2013/8/7 22:40:53] 导入了类型：[choose]DataEditor.Control.Wrapper.WrapChooseBox
[2013/8/7 22:40:53] 导入了类型：[int]DataEditor.Control.Wrapper.WrapNumInput
[2013/8/7 22:40:53] 导入了类型：[text]DataEditor.Control.Wrapper.WrapTextBox
==================================================================
 Initialized On 2013/8/8 9:29:37
==================================================================
[2013/8/8 9:29:37] 正在导入库：DataEditor.Control.Wrapper, Version=1.0.0.0, Culture=neutral, PublicKeyToken=null
[2013/8/8 9:29:37] 正在导入库：DataEditor.Control.Container, Version=1.0.0.0, Culture=neutral, PublicKeyToken=null
[2013/8/8 9:29:37] 导入了类型：[list]DataEditor.Control.Container.ListBoxContainer
[2013/8/8 9:29:37] 导入了类型：[radio]DataEditor.Control.Container.RadioComplexContainer
[2013/8/8 9:29:37] 导入了类型：[simple]DataEditor.Control.Container.SimpleContainer
[2013/8/8 9:29:37] 导入了类型：[group]DataEditor.Control.Container.GroupBoxContainer
[2013/8/8 9:29:37] 导入了类型：[box]DataEditor.Control.Container.SimpleBoxContainerEx
[2013/8/8 9:29:37] 导入了类型：[tabs]DataEditor.Control.Container.TabPagesContainer
[2013/8/8 9:29:37] 导入了类型：[tab]DataEditor.Control.Container.TabPageContainer
[2013/8/8 9:29:37] 正在导入库：DataEditor.Control.Wrapper, Version=1.0.0.0, Culture=neutral, PublicKeyToken=null
[2013/8/8 9:29:37] 导入了类型：[choose]DataEditor.Control.Wrapper.WrapChooseBox
[2013/8/8 9:29:37] 导入了类型：[int]DataEditor.Control.Wrapper.WrapNumInput
[2013/8/8 9:29:37] 导入了类型：[text]DataEditor.Control.Wrapper.WrapTextBox
==================================================================
 Initialized On 2013/8/8 9:31:57
==================================================================
[2013/8/8 9:31:57] 正在导入库：DataEditor.Control.Wrapper, Version=1.0.0.0, Culture=neutral, PublicKeyToken=null
[2013/8/8 9:31:57] 正在导入库：DataEditor.Control.Container, Version=1.0.0.0, Culture=neutral, PublicKeyToken=null
[2013/8/8 9:31:57] 导入了类型：[list]DataEditor.Control.Container.ListBoxContainer
[2013/8/8 9:31:57] 导入了类型：[radio]DataEditor.Control.Container.RadioComplexContainer
[2013/8/8 9:31:57] 导入了类型：[simple]DataEditor.Control.Container.SimpleContainer
[2013/8/8 9:31:57] 导入了类型：[group]DataEditor.Control.Container.GroupBoxContainer
[2013/8/8 9:31:57] 导入了类型：[box]DataEditor.Control.Container.SimpleBoxContainerEx
[2013/8/8 9:31:57] 导入了类型：[tabs]DataEditor.Control.Container.TabPagesContainer
[2013/8/8 9:31:57] 导入了类型：[tab]DataEditor.Control.Container.TabPageContainer
[2013/8/8 9:31:57] 正在导入库：DataEditor.Control.Wrapper, Version=1.0.0.0, Culture=neutral, PublicKeyToken=null
[2013/8/8 9:31:57] 导入了类型：[choose]DataEditor.Control.Wrapper.WrapChooseBox
[2013/8/8 9:31:57] 导入了类型：[int]DataEditor.Control.Wrapper.WrapNumInput
[2013/8/8 9:31:57] 导入了类型：[text]DataEditor.Control.Wrapper.WrapTextBox
[2013/8/8 9:31:57] 添加了下述的 RadioGroup：para
==================================================================
 Initialized On 2013/8/8 14:32:28
==================================================================
[2013/8/8 14:32:28] 正在导入库：DataEditor.Control.Wrapper, Version=1.0.0.0, Culture=neutral, PublicKeyToken=null
[2013/8/8 14:32:28] 正在导入库：DataEditor.Control.Container, Version=1.0.0.0, Culture=neutral, PublicKeyToken=null
[2013/8/8 14:32:28] 导入了类型：[list]DataEditor.Control.Container.ListBoxContainer
[2013/8/8 14:32:28] 导入了类型：[radio]DataEditor.Control.Container.RadioComplexContainer
[2013/8/8 14:32:28] 导入了类型：[simple]DataEditor.Control.Container.SimpleContainer
[2013/8/8 14:32:28] 导入了类型：[group]DataEditor.Control.Container.GroupBoxContainer
[2013/8/8 14:32:28] 导入了类型：[box]DataEditor.Control.Container.SimpleBoxContainerEx
[2013/8/8 14:32:28] 导入了类型：[tabs]DataEditor.Control.Container.TabPagesContainer
[2013/8/8 14:32:28] 导入了类型：[tab]DataEditor.Control.Container.TabPageContainer
[2013/8/8 14:32:28] 正在导入库：DataEditor.Control.Wrapper, Version=1.0.0.0, Culture=neutral, PublicKeyToken=null
[2013/8/8 14:32:28] 导入了类型：[choose]DataEditor.Control.Wrapper.WrapChooseBox
[2013/8/8 14:32:28] 导入了类型：[int]DataEditor.Control.Wrapper.WrapNumInput
[2013/8/8 14:32:28] 导入了类型：[text]DataEditor.Control.Wrapper.WrapTextBox
[2013/8/8 14:32:29] 添加了下述的 RadioGroup：para
==================================================================
 Initialized On 2013/8/8 15:09:14
==================================================================
[2013/8/8 15:09:14] 正在导入库：DataEditor.Control.Wrapper, Version=1.0.0.0, Culture=neutral, PublicKeyToken=null
[2013/8/8 15:09:14] 正在导入库：DataEditor.Control.Container, Version=1.0.0.0, Culture=neutral, PublicKeyToken=null
[2013/8/8 15:09:14] 导入了类型：[list]DataEditor.Control.Container.ListBoxContainer
[2013/8/8 15:09:14] 导入了类型：[radio]DataEditor.Control.Container.RadioComplexContainer
[2013/8/8 15:09:14] 导入了类型：[simple]DataEditor.Control.Container.SimpleContainer
[2013/8/8 15:09:14] 导入了类型：[group]DataEditor.Control.Container.GroupBoxContainer
[2013/8/8 15:09:14] 导入了类型：[box]DataEditor.Control.Container.SimpleBoxContainerEx
[2013/8/8 15:09:14] 导入了类型：[tabs]DataEditor.Control.Container.TabPagesContainer
[2013/8/8 15:09:14] 导入了类型：[tab]DataEditor.Control.Container.TabPageContainer
[2013/8/8 15:09:14] 正在导入库：DataEditor.Control.Wrapper, Version=1.0.0.0, Culture=neutral, PublicKeyToken=null
[2013/8/8 15:09:14] 导入了类型：[choose]DataEditor.Control.Wrapper.WrapChooseBox
[2013/8/8 15:09:14] 导入了类型：[int]DataEditor.Control.Wrapper.WrapNumInput
[2013/8/8 15:09:14] 导入了类型：[text]DataEditor.Control.Wrapper.WrapTextBox
[2013/8/8 15:09:14] 添加了下述的 RadioGroup：para
==================================================================
 Initialized On 2013/8/8 15:16:50
==================================================================
[2013/8/8 15:16:50] 正在导入库：DataEditor.Control.Wrapper, Version=1.0.0.0, Culture=neutral, PublicKeyToken=null
[2013/8/8 15:16:50] 正在导入库：DataEditor.Control.Container, Version=1.0.0.0, Culture=neutral, PublicKeyToken=null
[2013/8/8 15:16:50] 导入了类型：[list]DataEditor.Control.Container.ListBoxContainer
[2013/8/8 15:16:50] 导入了类型：[radio]DataEditor.Control.Container.RadioComplexContainer
[2013/8/8 15:16:50] 导入了类型：[simple]DataEditor.Control.Container.SimpleContainer
[2013/8/8 15:16:50] 导入了类型：[group]DataEditor.Control.Container.GroupBoxContainer
[2013/8/8 15:16:50] 导入了类型：[box]DataEditor.Control.Container.SimpleBoxContainerEx
[2013/8/8 15:16:50] 导入了类型：[tabs]DataEditor.Control.Container.TabPagesContainer
[2013/8/8 15:16:50] 导入了类型：[tab]DataEditor.Control.Container.TabPageContainer
[2013/8/8 15:16:50] 正在导入库：DataEditor.Control.Wrapper, Version=1.0.0.0, Culture=neutral, PublicKeyToken=null
[2013/8/8 15:16:50] 导入了类型：[choose]DataEditor.Control.Wrapper.WrapChooseBox
[2013/8/8 15:16:50] 导入了类型：[int]DataEditor.Control.Wrapper.WrapNumInput
[2013/8/8 15:16:50] 导入了类型：[text]DataEditor.Control.Wrapper.WrapTextBox
[2013/8/8 15:16:50] 添加了下述的 RadioGroup：para
[2013/8/8 15:17:05] 正在将 DataEditor.Control.Wrapper.WrapTextBox 污染为 Tainted [ 指向：-1 ]
==================================================================
 Initialized On 2013/8/8 15:17:43
==================================================================
[2013/8/8 15:17:43] 正在导入库：DataEditor.Control.Wrapper, Version=1.0.0.0, Culture=neutral, PublicKeyToken=null
[2013/8/8 15:17:43] 正在导入库：DataEditor.Control.Container, Version=1.0.0.0, Culture=neutral, PublicKeyToken=null
[2013/8/8 15:17:43] 导入了类型：[list]DataEditor.Control.Container.ListBoxContainer
[2013/8/8 15:17:43] 导入了类型：[radio]DataEditor.Control.Container.RadioComplexContainer
[2013/8/8 15:17:43] 导入了类型：[simple]DataEditor.Control.Container.SimpleContainer
[2013/8/8 15:17:43] 导入了类型：[group]DataEditor.Control.Container.GroupBoxContainer
[2013/8/8 15:17:43] 导入了类型：[box]DataEditor.Control.Container.SimpleBoxContainerEx
[2013/8/8 15:17:43] 导入了类型：[tabs]DataEditor.Control.Container.TabPagesContainer
[2013/8/8 15:17:43] 导入了类型：[tab]DataEditor.Control.Container.TabPageContainer
[2013/8/8 15:17:43] 正在导入库：DataEditor.Control.Wrapper, Version=1.0.0.0, Culture=neutral, PublicKeyToken=null
[2013/8/8 15:17:43] 导入了类型：[choose]DataEditor.Control.Wrapper.WrapChooseBox
[2013/8/8 15:17:43] 导入了类型：[int]DataEditor.Control.Wrapper.WrapNumInput
[2013/8/8 15:17:43] 导入了类型：[text]DataEditor.Control.Wrapper.WrapTextBox
[2013/8/8 15:17:43] 添加了下述的 RadioGroup：para
==================================================================
 Initialized On 2013/8/8 15:20:43
==================================================================
[2013/8/8 15:20:43] 正在导入库：DataEditor.Control.Wrapper, Version=1.0.0.0, Culture=neutral, PublicKeyToken=null
[2013/8/8 15:20:43] 正在导入库：DataEditor.Control.Container, Version=1.0.0.0, Culture=neutral, PublicKeyToken=null
[2013/8/8 15:20:43] 导入了类型：[list]DataEditor.Control.Container.ListBoxContainer
[2013/8/8 15:20:43] 导入了类型：[radio]DataEditor.Control.Container.RadioComplexContainer
[2013/8/8 15:20:43] 导入了类型：[simple]DataEditor.Control.Container.SimpleContainer
[2013/8/8 15:20:43] 导入了类型：[group]DataEditor.Control.Container.GroupBoxContainer
[2013/8/8 15:20:43] 导入了类型：[box]DataEditor.Control.Container.SimpleBoxContainerEx
[2013/8/8 15:20:43] 导入了类型：[tabs]DataEditor.Control.Container.TabPagesContainer
[2013/8/8 15:20:43] 导入了类型：[tab]DataEditor.Control.Container.TabPageContainer
[2013/8/8 15:20:43] 正在导入库：DataEditor.Control.Wrapper, Version=1.0.0.0, Culture=neutral, PublicKeyToken=null
[2013/8/8 15:20:43] 导入了类型：[choose]DataEditor.Control.Wrapper.WrapChooseBox
[2013/8/8 15:20:43] 导入了类型：[int]DataEditor.Control.Wrapper.WrapNumInput
[2013/8/8 15:20:43] 导入了类型：[text]DataEditor.Control.Wrapper.WrapTextBox
[2013/8/8 15:20:44] 添加了下述的 RadioGroup：para
==================================================================
 Initialized On 2013/8/8 15:21:13
==================================================================
[2013/8/8 15:21:13] 正在导入库：DataEditor.Control.Wrapper, Version=1.0.0.0, Culture=neutral, PublicKeyToken=null
[2013/8/8 15:21:13] 正在导入库：DataEditor.Control.Container, Version=1.0.0.0, Culture=neutral, PublicKeyToken=null
[2013/8/8 15:21:13] 导入了类型：[list]DataEditor.Control.Container.ListBoxContainer
[2013/8/8 15:21:13] 导入了类型：[radio]DataEditor.Control.Container.RadioComplexContainer
[2013/8/8 15:21:13] 导入了类型：[simple]DataEditor.Control.Container.SimpleContainer
[2013/8/8 15:21:13] 导入了类型：[group]DataEditor.Control.Container.GroupBoxContainer
[2013/8/8 15:21:13] 导入了类型：[box]DataEditor.Control.Container.SimpleBoxContainerEx
[2013/8/8 15:21:13] 导入了类型：[tabs]DataEditor.Control.Container.TabPagesContainer
[2013/8/8 15:21:13] 导入了类型：[tab]DataEditor.Control.Container.TabPageContainer
[2013/8/8 15:21:13] 正在导入库：DataEditor.Control.Wrapper, Version=1.0.0.0, Culture=neutral, PublicKeyToken=null
[2013/8/8 15:21:13] 导入了类型：[choose]DataEditor.Control.Wrapper.WrapChooseBox
[2013/8/8 15:21:13] 导入了类型：[int]DataEditor.Control.Wrapper.WrapNumInput
[2013/8/8 15:21:13] 导入了类型：[text]DataEditor.Control.Wrapper.WrapTextBox
[2013/8/8 15:21:14] 添加了下述的 RadioGroup：para
==================================================================
 Initialized On 2013/8/8 15:22:29
==================================================================
[2013/8/8 15:22:29] 正在导入库：DataEditor.Control.Wrapper, Version=1.0.0.0, Culture=neutral, PublicKeyToken=null
[2013/8/8 15:22:29] 正在导入库：DataEditor.Control.Container, Version=1.0.0.0, Culture=neutral, PublicKeyToken=null
[2013/8/8 15:22:29] 导入了类型：[list]DataEditor.Control.Container.ListBoxContainer
[2013/8/8 15:22:29] 导入了类型：[radio]DataEditor.Control.Container.RadioComplexContainer
[2013/8/8 15:22:29] 导入了类型：[simple]DataEditor.Control.Container.SimpleContainer
[2013/8/8 15:22:29] 导入了类型：[group]DataEditor.Control.Container.GroupBoxContainer
[2013/8/8 15:22:29] 导入了类型：[box]DataEditor.Control.Container.SimpleBoxContainerEx
[2013/8/8 15:22:29] 导入了类型：[tabs]DataEditor.Control.Container.TabPagesContainer
[2013/8/8 15:22:29] 导入了类型：[tab]DataEditor.Control.Container.TabPageContainer
[2013/8/8 15:22:29] 正在导入库：DataEditor.Control.Wrapper, Version=1.0.0.0, Culture=neutral, PublicKeyToken=null
[2013/8/8 15:22:29] 导入了类型：[choose]DataEditor.Control.Wrapper.WrapChooseBox
[2013/8/8 15:22:29] 导入了类型：[int]DataEditor.Control.Wrapper.WrapNumInput
[2013/8/8 15:22:29] 导入了类型：[text]DataEditor.Control.Wrapper.WrapTextBox
[2013/8/8 15:22:29] 添加了下述的 RadioGroup：para
[2013/8/8 15:22:41] 正在将 DataEditor.Control.Wrapper.WrapTextBox 污染为 Tainted [ 指向：-1 ]
[2013/8/8 15:22:41] 正在将 DataEditor.Control.Container.ListBoxContainer 污染为 ChildTainted [ 指向：-1 ]
[2013/8/8 15:22:43] 正在将 DataEditor.Control.Wrapper.WrapTextBox 污染为 Tainted [ 指向：-1 ]
[2013/8/8 15:22:43] 正在将 DataEditor.Control.Container.ListBoxContainer 污染为 ChildTainted [ 指向：-1 ]
[2013/8/8 15:22:53] 正在将 DataEditor.Control.Wrapper.WrapTextBox 污染为 Tainted [ 指向：-1 ]
[2013/8/8 15:22:53] 正在将 DataEditor.Control.Container.ListBoxContainer 污染为 ChildTainted [ 指向：-1 ]
==================================================================
 Initialized On 2013/8/8 15:23:36
==================================================================
[2013/8/8 15:23:36] 正在导入库：DataEditor.Control.Wrapper, Version=1.0.0.0, Culture=neutral, PublicKeyToken=null
[2013/8/8 15:23:36] 正在导入库：DataEditor.Control.Container, Version=1.0.0.0, Culture=neutral, PublicKeyToken=null
[2013/8/8 15:23:36] 导入了类型：[list]DataEditor.Control.Container.ListBoxContainer
[2013/8/8 15:23:36] 导入了类型：[radio]DataEditor.Control.Container.RadioComplexContainer
[2013/8/8 15:23:36] 导入了类型：[simple]DataEditor.Control.Container.SimpleContainer
[2013/8/8 15:23:36] 导入了类型：[group]DataEditor.Control.Container.GroupBoxContainer
[2013/8/8 15:23:36] 导入了类型：[box]DataEditor.Control.Container.SimpleBoxContainerEx
[2013/8/8 15:23:36] 导入了类型：[tabs]DataEditor.Control.Container.TabPagesContainer
[2013/8/8 15:23:36] 导入了类型：[tab]DataEditor.Control.Container.TabPageContainer
[2013/8/8 15:23:36] 正在导入库：DataEditor.Control.Wrapper, Version=1.0.0.0, Culture=neutral, PublicKeyToken=null
[2013/8/8 15:23:36] 导入了类型：[choose]DataEditor.Control.Wrapper.WrapChooseBox
[2013/8/8 15:23:36] 导入了类型：[int]DataEditor.Control.Wrapper.WrapNumInput
[2013/8/8 15:23:36] 导入了类型：[text]DataEditor.Control.Wrapper.WrapTextBox
[2013/8/8 15:23:36] 添加了下述的 RadioGroup：para
==================================================================
 Initialized On 2013/8/8 15:23:59
==================================================================
[2013/8/8 15:23:59] 正在导入库：DataEditor.Control.Wrapper, Version=1.0.0.0, Culture=neutral, PublicKeyToken=null
[2013/8/8 15:23:59] 正在导入库：DataEditor.Control.Container, Version=1.0.0.0, Culture=neutral, PublicKeyToken=null
[2013/8/8 15:23:59] 导入了类型：[list]DataEditor.Control.Container.ListBoxContainer
[2013/8/8 15:23:59] 导入了类型：[radio]DataEditor.Control.Container.RadioComplexContainer
[2013/8/8 15:23:59] 导入了类型：[simple]DataEditor.Control.Container.SimpleContainer
[2013/8/8 15:23:59] 导入了类型：[group]DataEditor.Control.Container.GroupBoxContainer
[2013/8/8 15:23:59] 导入了类型：[box]DataEditor.Control.Container.SimpleBoxContainerEx
[2013/8/8 15:23:59] 导入了类型：[tabs]DataEditor.Control.Container.TabPagesContainer
[2013/8/8 15:23:59] 导入了类型：[tab]DataEditor.Control.Container.TabPageContainer
[2013/8/8 15:23:59] 正在导入库：DataEditor.Control.Wrapper, Version=1.0.0.0, Culture=neutral, PublicKeyToken=null
[2013/8/8 15:23:59] 导入了类型：[choose]DataEditor.Control.Wrapper.WrapChooseBox
[2013/8/8 15:23:59] 导入了类型：[int]DataEditor.Control.Wrapper.WrapNumInput
[2013/8/8 15:23:59] 导入了类型：[text]DataEditor.Control.Wrapper.WrapTextBox
[2013/8/8 15:23:59] 添加了下述的 RadioGroup：para
==================================================================
 Initialized On 2013/8/8 15:24:18
==================================================================
[2013/8/8 15:24:18] 正在导入库：DataEditor.Control.Wrapper, Version=1.0.0.0, Culture=neutral, PublicKeyToken=null
[2013/8/8 15:24:18] 正在导入库：DataEditor.Control.Container, Version=1.0.0.0, Culture=neutral, PublicKeyToken=null
[2013/8/8 15:24:18] 导入了类型：[list]DataEditor.Control.Container.ListBoxContainer
[2013/8/8 15:24:18] 导入了类型：[radio]DataEditor.Control.Container.RadioComplexContainer
[2013/8/8 15:24:18] 导入了类型：[simple]DataEditor.Control.Container.SimpleContainer
[2013/8/8 15:24:18] 导入了类型：[group]DataEditor.Control.Container.GroupBoxContainer
[2013/8/8 15:24:18] 导入了类型：[box]DataEditor.Control.Container.SimpleBoxContainerEx
[2013/8/8 15:24:18] 导入了类型：[tabs]DataEditor.Control.Container.TabPagesContainer
[2013/8/8 15:24:18] 导入了类型：[tab]DataEditor.Control.Container.TabPageContainer
[2013/8/8 15:24:18] 正在导入库：DataEditor.Control.Wrapper, Version=1.0.0.0, Culture=neutral, PublicKeyToken=null
[2013/8/8 15:24:18] 导入了类型：[choose]DataEditor.Control.Wrapper.WrapChooseBox
[2013/8/8 15:24:18] 导入了类型：[int]DataEditor.Control.Wrapper.WrapNumInput
[2013/8/8 15:24:18] 导入了类型：[text]DataEditor.Control.Wrapper.WrapTextBox
[2013/8/8 15:24:18] 添加了下述的 RadioGroup：para
==================================================================
 Initialized On 2013/8/8 15:24:49
==================================================================
[2013/8/8 15:24:49] 正在导入库：DataEditor.Control.Wrapper, Version=1.0.0.0, Culture=neutral, PublicKeyToken=null
[2013/8/8 15:24:49] 正在导入库：DataEditor.Control.Container, Version=1.0.0.0, Culture=neutral, PublicKeyToken=null
[2013/8/8 15:24:49] 导入了类型：[list]DataEditor.Control.Container.ListBoxContainer
[2013/8/8 15:24:49] 导入了类型：[radio]DataEditor.Control.Container.RadioComplexContainer
[2013/8/8 15:24:49] 导入了类型：[simple]DataEditor.Control.Container.SimpleContainer
[2013/8/8 15:24:49] 导入了类型：[group]DataEditor.Control.Container.GroupBoxContainer
[2013/8/8 15:24:49] 导入了类型：[box]DataEditor.Control.Container.SimpleBoxContainerEx
[2013/8/8 15:24:49] 导入了类型：[tabs]DataEditor.Control.Container.TabPagesContainer
[2013/8/8 15:24:49] 导入了类型：[tab]DataEditor.Control.Container.TabPageContainer
[2013/8/8 15:24:49] 正在导入库：DataEditor.Control.Wrapper, Version=1.0.0.0, Culture=neutral, PublicKeyToken=null
[2013/8/8 15:24:49] 导入了类型：[choose]DataEditor.Control.Wrapper.WrapChooseBox
[2013/8/8 15:24:49] 导入了类型：[int]DataEditor.Control.Wrapper.WrapNumInput
[2013/8/8 15:24:49] 导入了类型：[text]DataEditor.Control.Wrapper.WrapTextBox
[2013/8/8 15:24:50] 添加了下述的 RadioGroup：para
==================================================================
 Initialized On 2013/8/8 21:41:45
==================================================================
[2013/8/8 21:41:45] 正在导入库：DataEditor.Control.Wrapper, Version=1.0.0.0, Culture=neutral, PublicKeyToken=null
[2013/8/8 21:41:45] 正在导入库：DataEditor.Control.Container, Version=1.0.0.0, Culture=neutral, PublicKeyToken=null
[2013/8/8 21:41:45] 导入了类型：[list]DataEditor.Control.Container.ListBoxContainer
[2013/8/8 21:41:45] 导入了类型：[radio]DataEditor.Control.Container.RadioComplexContainer
[2013/8/8 21:41:45] 导入了类型：[simple]DataEditor.Control.Container.SimpleContainer
[2013/8/8 21:41:45] 导入了类型：[group]DataEditor.Control.Container.GroupBoxContainer
[2013/8/8 21:41:45] 导入了类型：[box]DataEditor.Control.Container.SimpleBoxContainerEx
[2013/8/8 21:41:45] 导入了类型：[tabs]DataEditor.Control.Container.TabPagesContainer
[2013/8/8 21:41:45] 导入了类型：[tab]DataEditor.Control.Container.TabPageContainer
[2013/8/8 21:41:45] 正在导入库：DataEditor.Control.Wrapper, Version=1.0.0.0, Culture=neutral, PublicKeyToken=null
[2013/8/8 21:41:45] 导入了类型：[choose]DataEditor.Control.Wrapper.WrapChooseBox
[2013/8/8 21:41:45] 导入了类型：[int]DataEditor.Control.Wrapper.WrapNumInput
[2013/8/8 21:41:45] 导入了类型：[text]DataEditor.Control.Wrapper.WrapTextBox
[2013/8/8 21:41:45] 添加了下述的 RadioGroup：para
==================================================================
 Initialized On 2013/8/8 21:42:09
==================================================================
[2013/8/8 21:42:09] 正在导入库：DataEditor.Control.Wrapper, Version=1.0.0.0, Culture=neutral, PublicKeyToken=null
[2013/8/8 21:42:09] 正在导入库：DataEditor.Control.Container, Version=1.0.0.0, Culture=neutral, PublicKeyToken=null
[2013/8/8 21:42:09] 导入了类型：[list]DataEditor.Control.Container.ListBoxContainer
[2013/8/8 21:42:09] 导入了类型：[radio]DataEditor.Control.Container.RadioComplexContainer
[2013/8/8 21:42:09] 导入了类型：[simple]DataEditor.Control.Container.SimpleContainer
[2013/8/8 21:42:09] 导入了类型：[group]DataEditor.Control.Container.GroupBoxContainer
[2013/8/8 21:42:09] 导入了类型：[box]DataEditor.Control.Container.SimpleBoxContainerEx
[2013/8/8 21:42:09] 导入了类型：[tabs]DataEditor.Control.Container.TabPagesContainer
[2013/8/8 21:42:09] 导入了类型：[tab]DataEditor.Control.Container.TabPageContainer
[2013/8/8 21:42:09] 正在导入库：DataEditor.Control.Wrapper, Version=1.0.0.0, Culture=neutral, PublicKeyToken=null
[2013/8/8 21:42:09] 导入了类型：[choose]DataEditor.Control.Wrapper.WrapChooseBox
[2013/8/8 21:42:09] 导入了类型：[int]DataEditor.Control.Wrapper.WrapNumInput
[2013/8/8 21:42:09] 导入了类型：[text]DataEditor.Control.Wrapper.WrapTextBox
[2013/8/8 21:42:09] 添加了下述的 RadioGroup：para
==================================================================
 Initialized On 2013/8/8 21:44:01
==================================================================
[2013/8/8 21:44:01] 正在导入库：DataEditor.Control.Wrapper, Version=1.0.0.0, Culture=neutral, PublicKeyToken=null
[2013/8/8 21:44:01] 正在导入库：DataEditor.Control.Container, Version=1.0.0.0, Culture=neutral, PublicKeyToken=null
[2013/8/8 21:44:01] 导入了类型：[list]DataEditor.Control.Container.ListBoxContainer
[2013/8/8 21:44:01] 导入了类型：[radio]DataEditor.Control.Container.RadioComplexContainer
[2013/8/8 21:44:01] 导入了类型：[simple]DataEditor.Control.Container.SimpleContainer
[2013/8/8 21:44:01] 导入了类型：[group]DataEditor.Control.Container.GroupBoxContainer
[2013/8/8 21:44:01] 导入了类型：[box]DataEditor.Control.Container.SimpleBoxContainerEx
[2013/8/8 21:44:01] 导入了类型：[tabs]DataEditor.Control.Container.TabPagesContainer
[2013/8/8 21:44:01] 导入了类型：[tab]DataEditor.Control.Container.TabPageContainer
[2013/8/8 21:44:01] 正在导入库：DataEditor.Control.Wrapper, Version=1.0.0.0, Culture=neutral, PublicKeyToken=null
[2013/8/8 21:44:01] 导入了类型：[choose]DataEditor.Control.Wrapper.WrapChooseBox
[2013/8/8 21:44:01] 导入了类型：[int]DataEditor.Control.Wrapper.WrapNumInput
[2013/8/8 21:44:01] 导入了类型：[text]DataEditor.Control.Wrapper.WrapTextBox
[2013/8/8 21:44:02] 添加了下述的 RadioGroup：para
==================================================================
 Initialized On 2013/8/8 21:45:20
==================================================================
[2013/8/8 21:45:20] 正在导入库：DataEditor.Control.Wrapper, Version=1.0.0.0, Culture=neutral, PublicKeyToken=null
[2013/8/8 21:45:20] 正在导入库：DataEditor.Control.Container, Version=1.0.0.0, Culture=neutral, PublicKeyToken=null
[2013/8/8 21:45:20] 导入了类型：[list]DataEditor.Control.Container.ListBoxContainer
[2013/8/8 21:45:20] 导入了类型：[radio]DataEditor.Control.Container.RadioComplexContainer
[2013/8/8 21:45:20] 导入了类型：[simple]DataEditor.Control.Container.SimpleContainer
[2013/8/8 21:45:20] 导入了类型：[group]DataEditor.Control.Container.GroupBoxContainer
[2013/8/8 21:45:20] 导入了类型：[box]DataEditor.Control.Container.SimpleBoxContainerEx
[2013/8/8 21:45:20] 导入了类型：[tabs]DataEditor.Control.Container.TabPagesContainer
[2013/8/8 21:45:20] 导入了类型：[tab]DataEditor.Control.Container.TabPageContainer
[2013/8/8 21:45:20] 正在导入库：DataEditor.Control.Wrapper, Version=1.0.0.0, Culture=neutral, PublicKeyToken=null
[2013/8/8 21:45:20] 导入了类型：[choose]DataEditor.Control.Wrapper.WrapChooseBox
[2013/8/8 21:45:20] 导入了类型：[int]DataEditor.Control.Wrapper.WrapNumInput
[2013/8/8 21:45:20] 导入了类型：[text]DataEditor.Control.Wrapper.WrapTextBox
[2013/8/8 21:45:20] 添加了下述的 RadioGroup：para
==================================================================
 Initialized On 2013/8/8 21:45:50
==================================================================
[2013/8/8 21:45:50] 正在导入库：DataEditor.Control.Wrapper, Version=1.0.0.0, Culture=neutral, PublicKeyToken=null
[2013/8/8 21:45:50] 正在导入库：DataEditor.Control.Container, Version=1.0.0.0, Culture=neutral, PublicKeyToken=null
[2013/8/8 21:45:50] 导入了类型：[list]DataEditor.Control.Container.ListBoxContainer
[2013/8/8 21:45:50] 导入了类型：[radio]DataEditor.Control.Container.RadioComplexContainer
[2013/8/8 21:45:50] 导入了类型：[simple]DataEditor.Control.Container.SimpleContainer
[2013/8/8 21:45:50] 导入了类型：[group]DataEditor.Control.Container.GroupBoxContainer
[2013/8/8 21:45:50] 导入了类型：[box]DataEditor.Control.Container.SimpleBoxContainerEx
[2013/8/8 21:45:50] 导入了类型：[tabs]DataEditor.Control.Container.TabPagesContainer
[2013/8/8 21:45:50] 导入了类型：[tab]DataEditor.Control.Container.TabPageContainer
[2013/8/8 21:45:50] 正在导入库：DataEditor.Control.Wrapper, Version=1.0.0.0, Culture=neutral, PublicKeyToken=null
[2013/8/8 21:45:50] 导入了类型：[choose]DataEditor.Control.Wrapper.WrapChooseBox
[2013/8/8 21:45:50] 导入了类型：[int]DataEditor.Control.Wrapper.WrapNumInput
[2013/8/8 21:45:50] 导入了类型：[text]DataEditor.Control.Wrapper.WrapTextBox
[2013/8/8 21:45:50] 添加了下述的 RadioGroup：para
==================================================================
 Initialized On 2013/8/8 21:47:09
==================================================================
[2013/8/8 21:47:09] 正在导入库：DataEditor.Control.Wrapper, Version=1.0.0.0, Culture=neutral, PublicKeyToken=null
[2013/8/8 21:47:09] 正在导入库：DataEditor.Control.Container, Version=1.0.0.0, Culture=neutral, PublicKeyToken=null
[2013/8/8 21:47:09] 导入了类型：[list]DataEditor.Control.Container.ListBoxContainer
[2013/8/8 21:47:09] 导入了类型：[radio]DataEditor.Control.Container.RadioComplexContainer
[2013/8/8 21:47:09] 导入了类型：[simple]DataEditor.Control.Container.SimpleContainer
[2013/8/8 21:47:09] 导入了类型：[group]DataEditor.Control.Container.GroupBoxContainer
[2013/8/8 21:47:09] 导入了类型：[box]DataEditor.Control.Container.SimpleBoxContainerEx
[2013/8/8 21:47:09] 导入了类型：[tabs]DataEditor.Control.Container.TabPagesContainer
[2013/8/8 21:47:09] 导入了类型：[tab]DataEditor.Control.Container.TabPageContainer
[2013/8/8 21:47:09] 正在导入库：DataEditor.Control.Wrapper, Version=1.0.0.0, Culture=neutral, PublicKeyToken=null
[2013/8/8 21:47:09] 导入了类型：[choose]DataEditor.Control.Wrapper.WrapChooseBox
[2013/8/8 21:47:09] 导入了类型：[int]DataEditor.Control.Wrapper.WrapNumInput
[2013/8/8 21:47:09] 导入了类型：[text]DataEditor.Control.Wrapper.WrapTextBox
[2013/8/8 21:47:09] 添加了下述的 RadioGroup：para
==================================================================
 Initialized On 2013/8/8 21:51:01
==================================================================
[2013/8/8 21:51:01] 正在导入库：DataEditor.Control.Wrapper, Version=1.0.0.0, Culture=neutral, PublicKeyToken=null
[2013/8/8 21:51:01] 正在导入库：DataEditor.Control.Container, Version=1.0.0.0, Culture=neutral, PublicKeyToken=null
[2013/8/8 21:51:01] 导入了类型：[list]DataEditor.Control.Container.ListBoxContainer
[2013/8/8 21:51:01] 导入了类型：[radio]DataEditor.Control.Container.RadioComplexContainer
[2013/8/8 21:51:01] 导入了类型：[simple]DataEditor.Control.Container.SimpleContainer
[2013/8/8 21:51:01] 导入了类型：[group]DataEditor.Control.Container.GroupBoxContainer
[2013/8/8 21:51:01] 导入了类型：[box]DataEditor.Control.Container.SimpleBoxContainerEx
[2013/8/8 21:51:01] 导入了类型：[tabs]DataEditor.Control.Container.TabPagesContainer
[2013/8/8 21:51:01] 导入了类型：[tab]DataEditor.Control.Container.TabPageContainer
[2013/8/8 21:51:01] 正在导入库：DataEditor.Control.Wrapper, Version=1.0.0.0, Culture=neutral, PublicKeyToken=null
[2013/8/8 21:51:01] 导入了类型：[choose]DataEditor.Control.Wrapper.WrapChooseBox
[2013/8/8 21:51:01] 导入了类型：[int]DataEditor.Control.Wrapper.WrapNumInput
[2013/8/8 21:51:01] 导入了类型：[text]DataEditor.Control.Wrapper.WrapTextBox
[2013/8/8 21:51:01] 添加了下述的 RadioGroup：para
==================================================================
 Initialized On 2013/8/8 21:56:41
==================================================================
[2013/8/8 21:56:41] 正在导入库：DataEditor.Control.Wrapper, Version=1.0.0.0, Culture=neutral, PublicKeyToken=null
[2013/8/8 21:56:41] 正在导入库：DataEditor.Control.Container, Version=1.0.0.0, Culture=neutral, PublicKeyToken=null
[2013/8/8 21:56:41] 导入了类型：[list]DataEditor.Control.Container.ListBoxContainer
[2013/8/8 21:56:41] 导入了类型：[radio]DataEditor.Control.Container.RadioComplexContainer
[2013/8/8 21:56:41] 导入了类型：[simple]DataEditor.Control.Container.SimpleContainer
[2013/8/8 21:56:41] 导入了类型：[group]DataEditor.Control.Container.GroupBoxContainer
[2013/8/8 21:56:41] 导入了类型：[box]DataEditor.Control.Container.SimpleBoxContainerEx
[2013/8/8 21:56:41] 导入了类型：[tabs]DataEditor.Control.Container.TabPagesContainer
[2013/8/8 21:56:41] 导入了类型：[tab]DataEditor.Control.Container.TabPageContainer
[2013/8/8 21:56:41] 正在导入库：DataEditor.Control.Wrapper, Version=1.0.0.0, Culture=neutral, PublicKeyToken=null
[2013/8/8 21:56:41] 导入了类型：[choose]DataEditor.Control.Wrapper.WrapChooseBox
[2013/8/8 21:56:41] 导入了类型：[int]DataEditor.Control.Wrapper.WrapNumInput
[2013/8/8 21:56:41] 导入了类型：[text]DataEditor.Control.Wrapper.WrapTextBox
[2013/8/8 21:56:42] 添加了下述的 RadioGroup：para
==================================================================
 Initialized On 2013/8/8 21:57:04
==================================================================
[2013/8/8 21:57:04] 正在导入库：DataEditor.Control.Wrapper, Version=1.0.0.0, Culture=neutral, PublicKeyToken=null
[2013/8/8 21:57:04] 正在导入库：DataEditor.Control.Container, Version=1.0.0.0, Culture=neutral, PublicKeyToken=null
[2013/8/8 21:57:04] 导入了类型：[list]DataEditor.Control.Container.ListBoxContainer
[2013/8/8 21:57:04] 导入了类型：[radio]DataEditor.Control.Container.RadioComplexContainer
[2013/8/8 21:57:04] 导入了类型：[simple]DataEditor.Control.Container.SimpleContainer
[2013/8/8 21:57:04] 导入了类型：[group]DataEditor.Control.Container.GroupBoxContainer
[2013/8/8 21:57:04] 导入了类型：[box]DataEditor.Control.Container.SimpleBoxContainerEx
[2013/8/8 21:57:04] 导入了类型：[tabs]DataEditor.Control.Container.TabPagesContainer
[2013/8/8 21:57:04] 导入了类型：[tab]DataEditor.Control.Container.TabPageContainer
[2013/8/8 21:57:04] 正在导入库：DataEditor.Control.Wrapper, Version=1.0.0.0, Culture=neutral, PublicKeyToken=null
[2013/8/8 21:57:04] 导入了类型：[choose]DataEditor.Control.Wrapper.WrapChooseBox
[2013/8/8 21:57:04] 导入了类型：[int]DataEditor.Control.Wrapper.WrapNumInput
[2013/8/8 21:57:04] 导入了类型：[text]DataEditor.Control.Wrapper.WrapTextBox
[2013/8/8 21:57:04] 添加了下述的 RadioGroup：para
==================================================================
 Initialized On 2013/8/8 21:57:55
==================================================================
[2013/8/8 21:57:55] 正在导入库：DataEditor.Control.Wrapper, Version=1.0.0.0, Culture=neutral, PublicKeyToken=null
[2013/8/8 21:57:55] 正在导入库：DataEditor.Control.Container, Version=1.0.0.0, Culture=neutral, PublicKeyToken=null
[2013/8/8 21:57:55] 导入了类型：[list]DataEditor.Control.Container.ListBoxContainer
[2013/8/8 21:57:55] 导入了类型：[radio]DataEditor.Control.Container.RadioComplexContainer
[2013/8/8 21:57:55] 导入了类型：[simple]DataEditor.Control.Container.SimpleContainer
[2013/8/8 21:57:55] 导入了类型：[group]DataEditor.Control.Container.GroupBoxContainer
[2013/8/8 21:57:55] 导入了类型：[box]DataEditor.Control.Container.SimpleBoxContainerEx
[2013/8/8 21:57:55] 导入了类型：[tabs]DataEditor.Control.Container.TabPagesContainer
[2013/8/8 21:57:55] 导入了类型：[tab]DataEditor.Control.Container.TabPageContainer
[2013/8/8 21:57:55] 正在导入库：DataEditor.Control.Wrapper, Version=1.0.0.0, Culture=neutral, PublicKeyToken=null
[2013/8/8 21:57:56] 导入了类型：[choose]DataEditor.Control.Wrapper.WrapChooseBox
[2013/8/8 21:57:56] 导入了类型：[int]DataEditor.Control.Wrapper.WrapNumInput
[2013/8/8 21:57:56] 导入了类型：[text]DataEditor.Control.Wrapper.WrapTextBox
[2013/8/8 21:57:56] 添加了下述的 RadioGroup：para
==================================================================
 Initialized On 2013/8/8 22:00:21
==================================================================
[2013/8/8 22:00:21] 正在导入库：DataEditor.Control.Wrapper, Version=1.0.0.0, Culture=neutral, PublicKeyToken=null
[2013/8/8 22:00:21] 正在导入库：DataEditor.Control.Container, Version=1.0.0.0, Culture=neutral, PublicKeyToken=null
[2013/8/8 22:00:21] 导入了类型：[list]DataEditor.Control.Container.ListBoxContainer
[2013/8/8 22:00:21] 导入了类型：[radio]DataEditor.Control.Container.RadioComplexContainer
[2013/8/8 22:00:21] 导入了类型：[simple]DataEditor.Control.Container.SimpleContainer
[2013/8/8 22:00:21] 导入了类型：[group]DataEditor.Control.Container.GroupBoxContainer
[2013/8/8 22:00:21] 导入了类型：[box]DataEditor.Control.Container.SimpleBoxContainerEx
[2013/8/8 22:00:21] 导入了类型：[tabs]DataEditor.Control.Container.TabPagesContainer
[2013/8/8 22:00:21] 导入了类型：[tab]DataEditor.Control.Container.TabPageContainer
[2013/8/8 22:00:21] 正在导入库：DataEditor.Control.Wrapper, Version=1.0.0.0, Culture=neutral, PublicKeyToken=null
[2013/8/8 22:00:21] 导入了类型：[choose]DataEditor.Control.Wrapper.WrapChooseBox
[2013/8/8 22:00:21] 导入了类型：[int]DataEditor.Control.Wrapper.WrapNumInput
[2013/8/8 22:00:21] 导入了类型：[text]DataEditor.Control.Wrapper.WrapTextBox
[2013/8/8 22:00:22] 添加了下述的 RadioGroup：para
==================================================================
 Initialized On 2013/8/10 20:02:44
==================================================================
[2013/8/10 20:02:44] 正在导入库：DataEditor.Control.Wrapper, Version=1.0.0.0, Culture=neutral, PublicKeyToken=null
[2013/8/10 20:02:44] 正在导入库：DataEditor.Control.Container, Version=1.0.0.0, Culture=neutral, PublicKeyToken=null
[2013/8/10 20:02:44] 导入了类型：[list]DataEditor.Control.Container.ListBoxContainer
[2013/8/10 20:02:44] 导入了类型：[radio]DataEditor.Control.Container.RadioComplexContainer
[2013/8/10 20:02:44] 导入了类型：[simple]DataEditor.Control.Container.SimpleContainer
[2013/8/10 20:02:44] 导入了类型：[group]DataEditor.Control.Container.GroupBoxContainer
[2013/8/10 20:02:44] 导入了类型：[box]DataEditor.Control.Container.SimpleBoxContainerEx
[2013/8/10 20:02:44] 导入了类型：[tabs]DataEditor.Control.Container.TabPagesContainer
[2013/8/10 20:02:44] 导入了类型：[tab]DataEditor.Control.Container.TabPageContainer
[2013/8/10 20:02:44] 正在导入库：DataEditor.Control.Wrapper, Version=1.0.0.0, Culture=neutral, PublicKeyToken=null
[2013/8/10 20:02:44] 导入了类型：[choose]DataEditor.Control.Wrapper.WrapChooseBox
[2013/8/10 20:02:44] 导入了类型：[int]DataEditor.Control.Wrapper.WrapNumInput
[2013/8/10 20:02:44] 导入了类型：[text]DataEditor.Control.Wrapper.WrapTextBox
[2013/8/10 20:02:46] 添加了下述的 RadioGroup：para
==================================================================
 Initialized On 2013/8/10 20:03:28
==================================================================
[2013/8/10 20:03:28] 正在导入库：DataEditor.Control.Wrapper, Version=1.0.0.0, Culture=neutral, PublicKeyToken=null
[2013/8/10 20:03:28] 正在导入库：DataEditor.Control.Container, Version=1.0.0.0, Culture=neutral, PublicKeyToken=null
[2013/8/10 20:03:28] 导入了类型：[list]DataEditor.Control.Container.ListBoxContainer
[2013/8/10 20:03:28] 导入了类型：[radio]DataEditor.Control.Container.RadioComplexContainer
[2013/8/10 20:03:28] 导入了类型：[simple]DataEditor.Control.Container.SimpleContainer
[2013/8/10 20:03:28] 导入了类型：[group]DataEditor.Control.Container.GroupBoxContainer
[2013/8/10 20:03:28] 导入了类型：[box]DataEditor.Control.Container.SimpleBoxContainerEx
[2013/8/10 20:03:28] 导入了类型：[tabs]DataEditor.Control.Container.TabPagesContainer
[2013/8/10 20:03:28] 导入了类型：[tab]DataEditor.Control.Container.TabPageContainer
[2013/8/10 20:03:28] 正在导入库：DataEditor.Control.Wrapper, Version=1.0.0.0, Culture=neutral, PublicKeyToken=null
[2013/8/10 20:03:28] 导入了类型：[choose]DataEditor.Control.Wrapper.WrapChooseBox
[2013/8/10 20:03:28] 导入了类型：[int]DataEditor.Control.Wrapper.WrapNumInput
[2013/8/10 20:03:28] 导入了类型：[text]DataEditor.Control.Wrapper.WrapTextBox
[2013/8/10 20:03:28] 添加了下述的 RadioGroup：para
==================================================================
 Initialized On 2013/8/11 22:32:46
==================================================================
[2013/8/11 22:32:46] 正在导入库：DataEditor.Control.Wrapper, Version=1.0.0.0, Culture=neutral, PublicKeyToken=null
[2013/8/11 22:32:46] 正在导入库：DataEditor.Control.Container, Version=1.0.0.0, Culture=neutral, PublicKeyToken=null
[2013/8/11 22:32:46] 导入了类型：[list]DataEditor.Control.Container.ListBoxContainer
[2013/8/11 22:32:47] 导入了类型：[radio]DataEditor.Control.Container.RadioComplexContainer
[2013/8/11 22:32:47] 导入了类型：[simple]DataEditor.Control.Container.SimpleContainer
[2013/8/11 22:32:47] 导入了类型：[group]DataEditor.Control.Container.GroupBoxContainer
[2013/8/11 22:32:47] 导入了类型：[box]DataEditor.Control.Container.SimpleBoxContainerEx
[2013/8/11 22:32:47] 导入了类型：[tabs]DataEditor.Control.Container.TabPagesContainer
[2013/8/11 22:32:47] 导入了类型：[tab]DataEditor.Control.Container.TabPageContainer
[2013/8/11 22:32:47] 正在导入库：DataEditor.Control.Wrapper, Version=1.0.0.0, Culture=neutral, PublicKeyToken=null
[2013/8/11 22:32:47] 导入了类型：[choose]DataEditor.Control.Wrapper.WrapChooseBox
[2013/8/11 22:32:47] 导入了类型：[int]DataEditor.Control.Wrapper.WrapNumInput
[2013/8/11 22:32:47] 导入了类型：[text]DataEditor.Control.Wrapper.WrapTextBox
[2013/8/11 22:32:49] 添加了下述的 RadioGroup：para
==================================================================
 Initialized On 2013/8/11 22:35:42
==================================================================
[2013/8/11 22:35:42] 正在导入库：DataEditor.Control.Wrapper, Version=1.0.0.0, Culture=neutral, PublicKeyToken=null
[2013/8/11 22:35:42] 正在导入库：DataEditor.Control.Container, Version=1.0.0.0, Culture=neutral, PublicKeyToken=null
[2013/8/11 22:35:43] 导入了类型：[list]DataEditor.Control.Container.ListBoxContainer
[2013/8/11 22:35:43] 导入了类型：[radio]DataEditor.Control.Container.RadioComplexContainer
[2013/8/11 22:35:43] 导入了类型：[simple]DataEditor.Control.Container.SimpleContainer
[2013/8/11 22:35:43] 导入了类型：[group]DataEditor.Control.Container.GroupBoxContainer
[2013/8/11 22:35:43] 导入了类型：[box]DataEditor.Control.Container.SimpleBoxContainerEx
[2013/8/11 22:35:43] 导入了类型：[tabs]DataEditor.Control.Container.TabPagesContainer
[2013/8/11 22:35:43] 导入了类型：[tab]DataEditor.Control.Container.TabPageContainer
[2013/8/11 22:35:43] 正在导入库：DataEditor.Control.Wrapper, Version=1.0.0.0, Culture=neutral, PublicKeyToken=null
[2013/8/11 22:35:43] 导入了类型：[choose]DataEditor.Control.Wrapper.WrapChooseBox
[2013/8/11 22:35:43] 导入了类型：[int]DataEditor.Control.Wrapper.WrapNumInput
[2013/8/11 22:35:43] 导入了类型：[text]DataEditor.Control.Wrapper.WrapTextBox
[2013/8/11 22:35:44] 添加了下述的 RadioGroup：para
==================================================================
 Initialized On 2013/8/14 13:37:18
==================================================================
[2013/8/14 13:37:18] 正在导入库：DataEditor.Control.Wrapper, Version=1.0.0.0, Culture=neutral, PublicKeyToken=null
[2013/8/14 13:37:18] 正在导入库：DataEditor.Control.Container, Version=1.0.0.0, Culture=neutral, PublicKeyToken=null
[2013/8/14 13:37:19] 导入了类型：[list]DataEditor.Control.Container.ListBoxContainer
[2013/8/14 13:37:19] 导入了类型：[radio]DataEditor.Control.Container.RadioComplexContainer
[2013/8/14 13:37:19] 导入了类型：[simple]DataEditor.Control.Container.SimpleContainer
[2013/8/14 13:37:19] 导入了类型：[group]DataEditor.Control.Container.GroupBoxContainer
[2013/8/14 13:37:19] 导入了类型：[box]DataEditor.Control.Container.SimpleBoxContainerEx
[2013/8/14 13:37:19] 导入了类型：[tabs]DataEditor.Control.Container.TabPagesContainer
[2013/8/14 13:37:19] 导入了类型：[tab]DataEditor.Control.Container.TabPageContainer
[2013/8/14 13:37:19] 正在导入库：DataEditor.Control.Wrapper, Version=1.0.0.0, Culture=neutral, PublicKeyToken=null
[2013/8/14 13:37:19] 导入了类型：[choose]DataEditor.Control.Wrapper.WrapChooseBox
[2013/8/14 13:37:19] 导入了类型：[int]DataEditor.Control.Wrapper.WrapNumInput
[2013/8/14 13:37:19] 导入了类型：[text]DataEditor.Control.Wrapper.WrapTextBox
[2013/8/14 13:37:20] 添加了下述的 RadioGroup：para
==================================================================
 Initialized On 2013/8/14 13:38:03
==================================================================
[2013/8/14 13:38:03] 正在导入库：DataEditor.Control.Wrapper, Version=1.0.0.0, Culture=neutral, PublicKeyToken=null
[2013/8/14 13:38:03] 正在导入库：DataEditor.Control.Container, Version=1.0.0.0, Culture=neutral, PublicKeyToken=null
[2013/8/14 13:38:03] 导入了类型：[list]DataEditor.Control.Container.ListBoxContainer
[2013/8/14 13:38:03] 导入了类型：[radio]DataEditor.Control.Container.RadioComplexContainer
[2013/8/14 13:38:03] 导入了类型：[simple]DataEditor.Control.Container.SimpleContainer
[2013/8/14 13:38:03] 导入了类型：[group]DataEditor.Control.Container.GroupBoxContainer
[2013/8/14 13:38:03] 导入了类型：[box]DataEditor.Control.Container.SimpleBoxContainerEx
[2013/8/14 13:38:03] 导入了类型：[tabs]DataEditor.Control.Container.TabPagesContainer
[2013/8/14 13:38:03] 导入了类型：[tab]DataEditor.Control.Container.TabPageContainer
[2013/8/14 13:38:03] 正在导入库：DataEditor.Control.Wrapper, Version=1.0.0.0, Culture=neutral, PublicKeyToken=null
[2013/8/14 13:38:03] 导入了类型：[choose]DataEditor.Control.Wrapper.WrapChooseBox
[2013/8/14 13:38:03] 导入了类型：[int]DataEditor.Control.Wrapper.WrapNumInput
[2013/8/14 13:38:03] 导入了类型：[text]DataEditor.Control.Wrapper.WrapTextBox
[2013/8/14 13:38:03] 添加了下述的 RadioGroup：para
==================================================================
 Initialized On 2013/8/14 13:47:34
==================================================================
[2013/8/14 13:47:34] 正在导入库：DataEditor.Control.Wrapper, Version=1.0.0.0, Culture=neutral, PublicKeyToken=null
[2013/8/14 13:47:34] 正在导入库：DataEditor.Control.Container, Version=1.0.0.0, Culture=neutral, PublicKeyToken=null
[2013/8/14 13:47:34] 导入了类型：[list]DataEditor.Control.Container.ListBoxContainer
[2013/8/14 13:47:34] 导入了类型：[radio]DataEditor.Control.Container.RadioComplexContainer
[2013/8/14 13:47:34] 导入了类型：[simple]DataEditor.Control.Container.SimpleContainer
[2013/8/14 13:47:34] 导入了类型：[group]DataEditor.Control.Container.GroupBoxContainer
[2013/8/14 13:47:34] 导入了类型：[box]DataEditor.Control.Container.SimpleBoxContainerEx
[2013/8/14 13:47:34] 导入了类型：[tabs]DataEditor.Control.Container.TabPagesContainer
[2013/8/14 13:47:34] 导入了类型：[tab]DataEditor.Control.Container.TabPageContainer
[2013/8/14 13:47:34] 正在导入库：DataEditor.Control.Wrapper, Version=1.0.0.0, Culture=neutral, PublicKeyToken=null
[2013/8/14 13:47:34] 导入了类型：[choose]DataEditor.Control.Wrapper.WrapChooseBox
[2013/8/14 13:47:34] 导入了类型：[int]DataEditor.Control.Wrapper.WrapNumInput
[2013/8/14 13:47:34] 导入了类型：[text]DataEditor.Control.Wrapper.WrapTextBox
[2013/8/14 13:47:35] 添加了下述的 RadioGroup：para
==================================================================
 Initialized On 2013/8/14 13:48:10
==================================================================
[2013/8/14 13:48:10] 正在导入库：DataEditor.Control.Wrapper, Version=1.0.0.0, Culture=neutral, PublicKeyToken=null
[2013/8/14 13:48:10] 正在导入库：DataEditor.Control.Container, Version=1.0.0.0, Culture=neutral, PublicKeyToken=null
[2013/8/14 13:48:10] 导入了类型：[list]DataEditor.Control.Container.ListBoxContainer
[2013/8/14 13:48:10] 导入了类型：[radio]DataEditor.Control.Container.RadioComplexContainer
[2013/8/14 13:48:10] 导入了类型：[simple]DataEditor.Control.Container.SimpleContainer
[2013/8/14 13:48:10] 导入了类型：[group]DataEditor.Control.Container.GroupBoxContainer
[2013/8/14 13:48:10] 导入了类型：[box]DataEditor.Control.Container.SimpleBoxContainerEx
[2013/8/14 13:48:10] 导入了类型：[tabs]DataEditor.Control.Container.TabPagesContainer
[2013/8/14 13:48:10] 导入了类型：[tab]DataEditor.Control.Container.TabPageContainer
[2013/8/14 13:48:10] 正在导入库：DataEditor.Control.Wrapper, Version=1.0.0.0, Culture=neutral, PublicKeyToken=null
[2013/8/14 13:48:10] 导入了类型：[choose]DataEditor.Control.Wrapper.WrapChooseBox
[2013/8/14 13:48:10] 导入了类型：[int]DataEditor.Control.Wrapper.WrapNumInput
[2013/8/14 13:48:10] 导入了类型：[text]DataEditor.Control.Wrapper.WrapTextBox
[2013/8/14 13:48:10] 添加了下述的 RadioGroup：para
==================================================================
 Initialized On 2013/8/14 22:56:15
==================================================================
[2013/8/14 22:56:15] 正在导入库：DataEditor.Control.Wrapper, Version=1.0.0.0, Culture=neutral, PublicKeyToken=null
[2013/8/14 22:56:15] 正在导入库：DataEditor.Control.Container, Version=1.0.0.0, Culture=neutral, PublicKeyToken=null
[2013/8/14 22:56:15] 导入了类型：[list]DataEditor.Control.Container.ListBoxContainer
[2013/8/14 22:56:16] 导入了类型：[radio]DataEditor.Control.Container.RadioComplexContainer
[2013/8/14 22:56:16] 导入了类型：[simple]DataEditor.Control.Container.SimpleContainer
[2013/8/14 22:56:16] 导入了类型：[group]DataEditor.Control.Container.GroupBoxContainer
[2013/8/14 22:56:16] 导入了类型：[box]DataEditor.Control.Container.SimpleBoxContainerEx
[2013/8/14 22:56:16] 导入了类型：[tabs]DataEditor.Control.Container.TabPagesContainer
[2013/8/14 22:56:16] 导入了类型：[tab]DataEditor.Control.Container.TabPageContainer
[2013/8/14 22:56:16] 正在导入库：DataEditor.Control.Wrapper, Version=1.0.0.0, Culture=neutral, PublicKeyToken=null
[2013/8/14 22:56:16] 导入了类型：[choose]DataEditor.Control.Wrapper.WrapChooseBox
[2013/8/14 22:56:16] 导入了类型：[int]DataEditor.Control.Wrapper.WrapNumInput
[2013/8/14 22:56:16] 导入了类型：[text]DataEditor.Control.Wrapper.WrapTextBox
[2013/8/14 22:56:18] 添加了下述的 RadioGroup：para
